2022-04-22 11:42:53.849  INFO 48943 --- [main] o.s.boot.SpringApplication               : 
  .   ____          _            __ _ _
 /\\ / ___'_ __ _ _(_)_ __  __ _ \ \ \ \
( ( )\___ | '_ | '_| | '_ \/ _` | \ \ \ \
 \\/  ___)| |_)| | | | | || (_| |  ) ) ) )
  '  |____| .__|_| |_|_| |_\__, | / / / /
 =========|_|==============|___/=/_/_/_/
[32m :: Spring Boot :: [39m             [2m (v2.5.10)[0;39m


2022-04-22 11:42:53.899  INFO 48943 --- [main] u.t.a.AnalysisManagerApplication         : Starting AnalysisManagerApplication using Java 11.0.14.1 on Marcel-PC with PID 48943 (/home/ubuntu/tad/analysis-manager/target/classes started by ubuntu in /home/ubuntu/tad/analysis-manager)
2022-04-22 11:42:53.900  INFO 48943 --- [main] u.t.a.AnalysisManagerApplication         : No active profile set, falling back to 1 default profile: "default"
2022-04-22 11:42:54.347  INFO 48943 --- [main] .s.d.r.c.RepositoryConfigurationDelegate : Bootstrapping Spring Data JPA repositories in DEFAULT mode.
2022-04-22 11:42:54.387  INFO 48943 --- [main] .s.d.r.c.RepositoryConfigurationDelegate : Finished Spring Data repository scanning in 34 ms. Found 1 JPA repository interfaces.
2022-04-22 11:42:54.388  INFO 48943 --- [main] .s.d.r.c.RepositoryConfigurationDelegate : Bootstrapping Spring Data JPA repositories in DEFAULT mode.
2022-04-22 11:42:54.395  INFO 48943 --- [main] .s.d.r.c.RepositoryConfigurationDelegate : Finished Spring Data repository scanning in 6 ms. Found 2 JPA repository interfaces.
2022-04-22 11:42:54.897  INFO 48943 --- [main] o.s.b.w.embedded.tomcat.TomcatWebServer  : Tomcat initialized with port(s): 8080 (http)
2022-04-22 11:42:54.903  INFO 48943 --- [main] o.apache.catalina.core.StandardService   : Starting service [Tomcat]
2022-04-22 11:42:54.903  INFO 48943 --- [main] org.apache.catalina.core.StandardEngine  : Starting Servlet engine: [Apache Tomcat/9.0.58]
2022-04-22 11:42:54.950  INFO 48943 --- [main] o.a.c.c.C.[Tomcat].[localhost].[/]       : Initializing Spring embedded WebApplicationContext
2022-04-22 11:42:54.950  INFO 48943 --- [main] w.s.c.ServletWebServerApplicationContext : Root WebApplicationContext: initialization completed in 1021 ms
2022-04-22 11:42:55.095  INFO 48943 --- [main] o.hibernate.jpa.internal.util.LogHelper  : HHH000204: Processing PersistenceUnitInfo [name: default]
2022-04-22 11:42:55.121  INFO 48943 --- [main] org.hibernate.Version                    : HHH000412: Hibernate ORM core version 5.4.33
2022-04-22 11:42:55.198  INFO 48943 --- [main] o.hibernate.annotations.common.Version   : HCANN000001: Hibernate Commons Annotations {5.1.2.Final}
2022-04-22 11:42:55.276  INFO 48943 --- [main] com.zaxxer.hikari.HikariDataSource       : HikariPool-1 - Starting...
2022-04-22 11:42:55.407  INFO 48943 --- [main] com.zaxxer.hikari.HikariDataSource       : HikariPool-1 - Start completed.
2022-04-22 11:42:55.418  INFO 48943 --- [main] org.hibernate.dialect.Dialect            : HHH000400: Using dialect: org.hibernate.dialect.PostgreSQL95Dialect
2022-04-22 11:42:55.778  WARN 48943 --- [main] o.h.engine.jdbc.spi.SqlExceptionHelper   : SQL Warning Code: 0, SQLState: 00000
2022-04-22 11:42:55.778  WARN 48943 --- [main] o.h.engine.jdbc.spi.SqlExceptionHelper   : table "plugin" does not exist, skipping
2022-04-22 11:42:55.796  INFO 48943 --- [main] o.h.e.t.j.p.i.JtaPlatformInitiator       : HHH000490: Using JtaPlatform implementation: [org.hibernate.engine.transaction.jta.platform.internal.NoJtaPlatform]
2022-04-22 11:42:55.801  INFO 48943 --- [main] j.LocalContainerEntityManagerFactoryBean : Initialized JPA EntityManagerFactory for persistence unit 'default'
2022-04-22 11:42:55.817  INFO 48943 --- [main] o.hibernate.jpa.internal.util.LogHelper  : HHH000204: Processing PersistenceUnitInfo [name: default]
2022-04-22 11:42:55.827  INFO 48943 --- [main] com.zaxxer.hikari.HikariDataSource       : HikariPool-2 - Starting...
2022-04-22 11:42:55.851  INFO 48943 --- [main] com.zaxxer.hikari.HikariDataSource       : HikariPool-2 - Start completed.
2022-04-22 11:42:55.852  INFO 48943 --- [main] org.hibernate.dialect.Dialect            : HHH000400: Using dialect: org.hibernate.dialect.PostgreSQL95Dialect
2022-04-22 11:42:55.953  WARN 48943 --- [main] o.h.engine.jdbc.spi.SqlExceptionHelper   : SQL Warning Code: 0, SQLState: 00000
2022-04-22 11:42:55.953  WARN 48943 --- [main] o.h.engine.jdbc.spi.SqlExceptionHelper   : relation "analysistask" does not exist, skipping
2022-04-22 11:42:55.954  WARN 48943 --- [main] o.h.engine.jdbc.spi.SqlExceptionHelper   : SQL Warning Code: 0, SQLState: 00000
2022-04-22 11:42:55.954  WARN 48943 --- [main] o.h.engine.jdbc.spi.SqlExceptionHelper   : relation "analysistask_commands" does not exist, skipping
2022-04-22 11:42:55.956  WARN 48943 --- [main] o.h.engine.jdbc.spi.SqlExceptionHelper   : SQL Warning Code: 0, SQLState: 00000
2022-04-22 11:42:55.956  WARN 48943 --- [main] o.h.engine.jdbc.spi.SqlExceptionHelper   : relation "analysistask_location" does not exist, skipping
2022-04-22 11:42:55.957  WARN 48943 --- [main] o.h.engine.jdbc.spi.SqlExceptionHelper   : SQL Warning Code: 0, SQLState: 00000
2022-04-22 11:42:55.958  WARN 48943 --- [main] o.h.engine.jdbc.spi.SqlExceptionHelper   : relation "analysistask_location" does not exist, skipping
2022-04-22 11:42:55.959  WARN 48943 --- [main] o.h.engine.jdbc.spi.SqlExceptionHelper   : SQL Warning Code: 0, SQLState: 00000
2022-04-22 11:42:55.959  WARN 48943 --- [main] o.h.engine.jdbc.spi.SqlExceptionHelper   : table "analysistask" does not exist, skipping
2022-04-22 11:42:55.961  WARN 48943 --- [main] o.h.engine.jdbc.spi.SqlExceptionHelper   : SQL Warning Code: 0, SQLState: 00000
2022-04-22 11:42:55.961  WARN 48943 --- [main] o.h.engine.jdbc.spi.SqlExceptionHelper   : table "analysistask_commands" does not exist, skipping
2022-04-22 11:42:55.962  WARN 48943 --- [main] o.h.engine.jdbc.spi.SqlExceptionHelper   : SQL Warning Code: 0, SQLState: 00000
2022-04-22 11:42:55.962  WARN 48943 --- [main] o.h.engine.jdbc.spi.SqlExceptionHelper   : table "analysistask_location" does not exist, skipping
2022-04-22 11:42:55.963  WARN 48943 --- [main] o.h.engine.jdbc.spi.SqlExceptionHelper   : SQL Warning Code: 0, SQLState: 00000
2022-04-22 11:42:55.963  WARN 48943 --- [main] o.h.engine.jdbc.spi.SqlExceptionHelper   : table "location" does not exist, skipping
2022-04-22 11:42:56.004  INFO 48943 --- [main] o.h.e.t.j.p.i.JtaPlatformInitiator       : HHH000490: Using JtaPlatform implementation: [org.hibernate.engine.transaction.jta.platform.internal.NoJtaPlatform]
2022-04-22 11:42:56.005  INFO 48943 --- [main] j.LocalContainerEntityManagerFactoryBean : Initialized JPA EntityManagerFactory for persistence unit 'default'
2022-04-22 11:42:56.657  WARN 48943 --- [main] JpaBaseConfiguration$JpaWebConfiguration : spring.jpa.open-in-view is enabled by default. Therefore, database queries may be performed during view rendering. Explicitly configure spring.jpa.open-in-view to disable this warning
2022-04-22 11:42:56.938  INFO 48943 --- [main] o.s.b.a.e.web.EndpointLinksResolver      : Exposing 1 endpoint(s) beneath base path '/actuator'
2022-04-22 11:42:56.982  INFO 48943 --- [main] o.s.b.w.embedded.tomcat.TomcatWebServer  : Tomcat started on port(s): 8080 (http) with context path ''
2022-04-22 11:42:56.984  INFO 48943 --- [main] o.s.a.r.c.CachingConnectionFactory       : Attempting to connect to: [localhost:5672]
2022-04-22 11:42:57.005  INFO 48943 --- [main] o.s.a.r.c.CachingConnectionFactory       : Created new connection: rabbitConnectionFactory#3f1fb139:0/SimpleConnection@773cc551 [delegate=amqp://guest@127.0.0.1:5672/, localPort= 41758]
2022-04-22 11:42:57.054  INFO 48943 --- [main] u.t.a.AnalysisManagerApplication         : Started AnalysisManagerApplication in 3.481 seconds (JVM running for 3.711)
2022-04-22 11:43:13.162  INFO 48943 --- [http-nio-8080-exec-1] o.a.c.c.C.[Tomcat].[localhost].[/]       : Initializing Spring DispatcherServlet 'dispatcherServlet'
2022-04-22 11:43:13.164  INFO 48943 --- [http-nio-8080-exec-1] o.s.web.servlet.DispatcherServlet        : Initializing Servlet 'dispatcherServlet'
2022-04-22 11:43:13.167  INFO 48943 --- [http-nio-8080-exec-1] o.s.web.servlet.DispatcherServlet        : Completed initialization in 2 ms
2022-04-22 11:43:13.274  INFO 48943 --- [http-nio-8080-exec-1] u.t.a.plugin.PluginRegistrationService   : Registering plugin for technology bash and analysis type STATIC
2022-04-22 11:43:16.438  INFO 48943 --- [http-nio-8080-exec-2] u.t.a.plugin.PluginRegistrationService   : Registering plugin for technology terraform and analysis type STATIC
2022-04-22 11:43:18.968  INFO 48943 --- [http-nio-8080-exec-3] u.t.a.plugin.PluginRegistrationService   : Registering plugin for technology helm and analysis type STATIC
2022-04-22 11:43:20.472  INFO 48943 --- [http-nio-8080-exec-4] u.t.a.plugin.PluginRegistrationService   : Registering plugin for technology kubernetes and analysis type STATIC
2022-04-22 11:46:24.374  INFO 48943 --- [main] u.t.a.shell.TransformCommand             : Received command to start transformation process for technology bash at location file:/home/ubuntu/fork/kube/azure-start.sh with commands [./azure-start.sh]
2022-04-22 11:46:24.473  INFO 48943 --- [main] u.t.a.t.ModelsService                    : Initializing technology-specific deployment model.
2022-04-22 11:46:24.858  INFO 48943 --- [main] u.t.a.t.ModelsService                    : Initializing technology-agnostic deployment model.
2022-04-22 11:46:24.903  INFO 48943 --- [main] u.t.a.analysistask.AnalysisTaskSender    : Sending AnalysisTask: { taskId='2b429053-a785-48f1-9d7c-2134248728ce', transformationProcessId='823774ba-25e2-460f-966e-fd3314eab6fa', technology='bash', analysisType='STATIC', commands='[./azure-start.sh]', status='RUNNING', pluginQueueName='748544a1-6479-4e20-bc6a-f236d4a192af', locations='[{ id='cc88c074-c735-40fa-a994-8f58a669543f', url='file:/home/ubuntu/fork/kube/azure-start.sh', startLineNumber='0', endLineNumber='0'}]', subTasks='[]'}
2022-04-22 11:46:25.167  INFO 48943 --- [org.springframework.amqp.rabbit.RabbitListenerEndpointContainer#0-1] u.t.a.a.AnalysisTaskResponseReceiver     : received EmbeddedDeploymentModelAnalysisRequest: { parentTaskId='2b429053-a785-48f1-9d7c-2134248728ce', transformationProcessId='823774ba-25e2-460f-966e-fd3314eab6fa', technology='terraform', commands='[terraform -chdir=terraform/ init, terraform -chdir=terraform/ apply -auto-approve]', locations='[{ id='null', url='file:/home/ubuntu/fork/kube/terraform/', startLineNumber='0', endLineNumber='0'}]'}
2022-04-22 11:46:25.229  INFO 48943 --- [org.springframework.amqp.rabbit.RabbitListenerEndpointContainer#0-1] u.t.a.a.AnalysisTaskResponseReceiver     : received EmbeddedDeploymentModelAnalysisRequest: { parentTaskId='2b429053-a785-48f1-9d7c-2134248728ce', transformationProcessId='823774ba-25e2-460f-966e-fd3314eab6fa', technology='helm', commands='[helm repo add bitnami https://charts.bitnami.com/bitnami, helm install mongo-cart --set auth.enabled=false bitnami/mongodb]', locations='[{ id='null', url='file:/home/ubuntu/fork/kube/', startLineNumber='0', endLineNumber='0'}]'}
2022-04-22 11:46:25.276  INFO 48943 --- [org.springframework.amqp.rabbit.RabbitListenerEndpointContainer#0-1] u.t.a.a.AnalysisTaskResponseReceiver     : received EmbeddedDeploymentModelAnalysisRequest: { parentTaskId='2b429053-a785-48f1-9d7c-2134248728ce', transformationProcessId='823774ba-25e2-460f-966e-fd3314eab6fa', technology='helm', commands='[helm repo add bitnami https://charts.bitnami.com/bitnami, helm install mongo-order --set auth.enabled=false bitnami/mongodb]', locations='[{ id='null', url='file:/home/ubuntu/fork/kube/', startLineNumber='0', endLineNumber='0'}]'}
2022-04-22 11:46:25.333  INFO 48943 --- [org.springframework.amqp.rabbit.RabbitListenerEndpointContainer#0-1] u.t.a.a.AnalysisTaskResponseReceiver     : received EmbeddedDeploymentModelAnalysisRequest: { parentTaskId='2b429053-a785-48f1-9d7c-2134248728ce', transformationProcessId='823774ba-25e2-460f-966e-fd3314eab6fa', technology='helm', commands='[helm repo add bitnami https://charts.bitnami.com/bitnami, helm install kafka bitnami/kafka]', locations='[{ id='null', url='file:/home/ubuntu/fork/kube/', startLineNumber='0', endLineNumber='0'}]'}
2022-04-22 11:46:25.381  INFO 48943 --- [org.springframework.amqp.rabbit.RabbitListenerEndpointContainer#0-1] u.t.a.a.AnalysisTaskResponseReceiver     : received EmbeddedDeploymentModelAnalysisRequest: { parentTaskId='2b429053-a785-48f1-9d7c-2134248728ce', transformationProcessId='823774ba-25e2-460f-966e-fd3314eab6fa', technology='kubernetes', commands='[kubectl create -f k8/.]', locations='[{ id='null', url='file:/home/ubuntu/fork/kube/k8/.', startLineNumber='0', endLineNumber='0'}]'}
2022-04-22 11:46:25.424  INFO 48943 --- [org.springframework.amqp.rabbit.RabbitListenerEndpointContainer#0-1] u.t.a.a.AnalysisTaskResponseReceiver     : received AnalysisTaskResponse: { taskId='2b429053-a785-48f1-9d7c-2134248728ce', success='true', errorMessage='null'}
2022-04-22 11:46:25.455 ERROR 48943 --- [org.springframework.amqp.rabbit.RabbitListenerEndpointContainer#0-1] u.t.a.t.TransformationProcessService     : No appropriate plugin currently registered for technology: 'bash' and analysisType: 'DYNAMIC'.
2022-04-22 11:46:25.486  INFO 48943 --- [org.springframework.amqp.rabbit.RabbitListenerEndpointContainer#0-1] u.t.a.analysistask.AnalysisTaskSender    : Sending AnalysisTask: { taskId='0bd8f277-d04b-4d19-a34c-f66ca19deec2', transformationProcessId='823774ba-25e2-460f-966e-fd3314eab6fa', technology='terraform', analysisType='STATIC', commands='[terraform -chdir=terraform/ init, terraform -chdir=terraform/ apply -auto-approve]', status='RUNNING', pluginQueueName='7f2e6b29-a2c1-49e0-928a-a0ec68368845', locations='[{ id='42133e46-c49c-4c38-89f7-861f51e463ea', url='file:/home/ubuntu/fork/kube/terraform/', startLineNumber='0', endLineNumber='0'}]', subTasks='[]'}
2022-04-22 11:46:25.699  INFO 48943 --- [org.springframework.amqp.rabbit.RabbitListenerEndpointContainer#0-1] u.t.a.a.AnalysisTaskResponseReceiver     : received AnalysisTaskResponse: { taskId='0bd8f277-d04b-4d19-a34c-f66ca19deec2', success='true', errorMessage='null'}
2022-04-22 11:46:25.713 ERROR 48943 --- [org.springframework.amqp.rabbit.RabbitListenerEndpointContainer#0-1] u.t.a.t.TransformationProcessService     : No appropriate plugin currently registered for technology: 'terraform' and analysisType: 'DYNAMIC'.
2022-04-22 11:46:25.738  INFO 48943 --- [org.springframework.amqp.rabbit.RabbitListenerEndpointContainer#0-1] u.t.a.analysistask.AnalysisTaskSender    : Sending AnalysisTask: { taskId='59a3f202-f12e-463b-a9b3-008150917567', transformationProcessId='823774ba-25e2-460f-966e-fd3314eab6fa', technology='helm', analysisType='STATIC', commands='[helm repo add bitnami https://charts.bitnami.com/bitnami, helm install mongo-cart --set auth.enabled=false bitnami/mongodb]', status='RUNNING', pluginQueueName='d7963645-fd51-4e10-b9cc-6edf77e87701', locations='[{ id='cf5b03b5-09ee-40c1-9871-cf613e60fc55', url='file:/home/ubuntu/fork/kube/', startLineNumber='0', endLineNumber='0'}]', subTasks='[]'}
2022-04-22 11:46:25.955  INFO 48943 --- [org.springframework.amqp.rabbit.RabbitListenerEndpointContainer#0-1] u.t.a.a.AnalysisTaskResponseReceiver     : received AnalysisTaskResponse: { taskId='59a3f202-f12e-463b-a9b3-008150917567', success='true', errorMessage='null'}
2022-04-22 11:46:25.972 ERROR 48943 --- [org.springframework.amqp.rabbit.RabbitListenerEndpointContainer#0-1] u.t.a.t.TransformationProcessService     : No appropriate plugin currently registered for technology: 'helm' and analysisType: 'DYNAMIC'.
2022-04-22 11:46:25.996  INFO 48943 --- [org.springframework.amqp.rabbit.RabbitListenerEndpointContainer#0-1] u.t.a.analysistask.AnalysisTaskSender    : Sending AnalysisTask: { taskId='e3148cb5-d76a-4c82-ac9a-e1c736dc2c58', transformationProcessId='823774ba-25e2-460f-966e-fd3314eab6fa', technology='helm', analysisType='STATIC', commands='[helm repo add bitnami https://charts.bitnami.com/bitnami, helm install mongo-order --set auth.enabled=false bitnami/mongodb]', status='RUNNING', pluginQueueName='d7963645-fd51-4e10-b9cc-6edf77e87701', locations='[{ id='b2364fbf-4199-450a-a609-e5da8201852c', url='file:/home/ubuntu/fork/kube/', startLineNumber='0', endLineNumber='0'}]', subTasks='[]'}
2022-04-22 11:46:26.118  INFO 48943 --- [org.springframework.amqp.rabbit.RabbitListenerEndpointContainer#0-1] u.t.a.a.AnalysisTaskResponseReceiver     : received AnalysisTaskResponse: { taskId='e3148cb5-d76a-4c82-ac9a-e1c736dc2c58', success='true', errorMessage='null'}
2022-04-22 11:46:26.134 ERROR 48943 --- [org.springframework.amqp.rabbit.RabbitListenerEndpointContainer#0-1] u.t.a.t.TransformationProcessService     : No appropriate plugin currently registered for technology: 'helm' and analysisType: 'DYNAMIC'.
2022-04-22 11:46:26.156  INFO 48943 --- [org.springframework.amqp.rabbit.RabbitListenerEndpointContainer#0-1] u.t.a.analysistask.AnalysisTaskSender    : Sending AnalysisTask: { taskId='8fcf1f2a-e99e-4468-9c2d-154d337e7941', transformationProcessId='823774ba-25e2-460f-966e-fd3314eab6fa', technology='helm', analysisType='STATIC', commands='[helm repo add bitnami https://charts.bitnami.com/bitnami, helm install kafka bitnami/kafka]', status='RUNNING', pluginQueueName='d7963645-fd51-4e10-b9cc-6edf77e87701', locations='[{ id='733823eb-3bd8-488e-800d-064686b03ae0', url='file:/home/ubuntu/fork/kube/', startLineNumber='0', endLineNumber='0'}]', subTasks='[]'}
2022-04-22 11:46:26.263  INFO 48943 --- [org.springframework.amqp.rabbit.RabbitListenerEndpointContainer#0-1] u.t.a.a.AnalysisTaskResponseReceiver     : received AnalysisTaskResponse: { taskId='8fcf1f2a-e99e-4468-9c2d-154d337e7941', success='true', errorMessage='null'}
2022-04-22 11:46:26.279 ERROR 48943 --- [org.springframework.amqp.rabbit.RabbitListenerEndpointContainer#0-1] u.t.a.t.TransformationProcessService     : No appropriate plugin currently registered for technology: 'helm' and analysisType: 'DYNAMIC'.
2022-04-22 11:46:26.301  INFO 48943 --- [org.springframework.amqp.rabbit.RabbitListenerEndpointContainer#0-1] u.t.a.analysistask.AnalysisTaskSender    : Sending AnalysisTask: { taskId='cf4daf20-6318-4419-ab09-b9ac36c11d35', transformationProcessId='823774ba-25e2-460f-966e-fd3314eab6fa', technology='kubernetes', analysisType='STATIC', commands='[kubectl create -f k8/.]', status='RUNNING', pluginQueueName='189eb5d1-04ad-4254-863f-51fb6b09fa86', locations='[{ id='00497bb5-c816-4241-97f9-0c03eb628874', url='file:/home/ubuntu/fork/kube/k8/.', startLineNumber='0', endLineNumber='0'}]', subTasks='[]'}
2022-04-22 11:46:26.581  INFO 48943 --- [org.springframework.amqp.rabbit.RabbitListenerEndpointContainer#0-1] u.t.a.a.AnalysisTaskResponseReceiver     : received AnalysisTaskResponse: { taskId='cf4daf20-6318-4419-ab09-b9ac36c11d35', success='true', errorMessage='null'}
2022-04-22 11:46:26.595 ERROR 48943 --- [org.springframework.amqp.rabbit.RabbitListenerEndpointContainer#0-1] u.t.a.t.TransformationProcessService     : No appropriate plugin currently registered for technology: 'kubernetes' and analysisType: 'DYNAMIC'.
2022-04-22 11:46:26.597  INFO 48943 --- [org.springframework.amqp.rabbit.RabbitListenerEndpointContainer#0-1] u.t.a.t.ModelsService                    : Requesting result from models service.
2022-04-22 11:46:45.456  INFO 48943 --- [SpringApplicationShutdownHook] o.s.a.r.l.SimpleMessageListenerContainer : Waiting for workers to finish.
2022-04-22 11:46:46.364  INFO 48943 --- [SpringApplicationShutdownHook] o.s.a.r.l.SimpleMessageListenerContainer : Successfully waited for workers to finish.
2022-04-22 11:46:48.415  INFO 48943 --- [SpringApplicationShutdownHook] j.LocalContainerEntityManagerFactoryBean : Closing JPA EntityManagerFactory for persistence unit 'default'
2022-04-22 11:46:48.416  INFO 48943 --- [SpringApplicationShutdownHook] .SchemaDropperImpl$DelayedDropActionImpl : HHH000477: Starting delayed evictData of schema as part of SessionFactory shut-down'
2022-04-22 11:46:48.467  INFO 48943 --- [SpringApplicationShutdownHook] com.zaxxer.hikari.HikariDataSource       : HikariPool-2 - Shutdown initiated...
2022-04-22 11:46:48.481  INFO 48943 --- [SpringApplicationShutdownHook] com.zaxxer.hikari.HikariDataSource       : HikariPool-2 - Shutdown completed.
2022-04-22 11:46:48.481  INFO 48943 --- [SpringApplicationShutdownHook] j.LocalContainerEntityManagerFactoryBean : Closing JPA EntityManagerFactory for persistence unit 'default'
2022-04-22 11:46:48.482  INFO 48943 --- [SpringApplicationShutdownHook] .SchemaDropperImpl$DelayedDropActionImpl : HHH000477: Starting delayed evictData of schema as part of SessionFactory shut-down'
2022-04-22 11:46:48.490  INFO 48943 --- [SpringApplicationShutdownHook] com.zaxxer.hikari.HikariDataSource       : HikariPool-1 - Shutdown initiated...
2022-04-22 11:46:48.502  INFO 48943 --- [SpringApplicationShutdownHook] com.zaxxer.hikari.HikariDataSource       : HikariPool-1 - Shutdown completed.
