2022-04-22 11:43:10.957  INFO 49232 --- [main] o.s.boot.SpringApplication               : 
  .   ____          _            __ _ _
 /\\ / ___'_ __ _ _(_)_ __  __ _ \ \ \ \
( ( )\___ | '_ | '_| | '_ \/ _` | \ \ \ \
 \\/  ___)| |_)| | | | | || (_| |  ) ) ) )
  '  |____| .__|_| |_|_| |_\__, | / / / /
 =========|_|==============|___/=/_/_/_/
[32m :: Spring Boot :: [39m             [2m (v2.5.10)[0;39m


2022-04-22 11:43:11.003  INFO 49232 --- [main] u.tad.bashplugin.BashPluginApplication   : Starting BashPluginApplication using Java 11.0.14.1 on Marcel-PC with PID 49232 (/home/ubuntu/tad/bash-plugin/target/classes started by ubuntu in /home/ubuntu/tad/bash-plugin)
2022-04-22 11:43:11.004  INFO 49232 --- [main] u.tad.bashplugin.BashPluginApplication   : No active profile set, falling back to 1 default profile: "default"
2022-04-22 11:43:12.509  INFO 49232 --- [main] o.s.b.a.e.web.EndpointLinksResolver      : Exposing 1 endpoint(s) beneath base path '/actuator'
2022-04-22 11:43:12.751  INFO 49232 --- [main] o.s.b.web.embedded.netty.NettyWebServer  : Netty started on port 8083
2022-04-22 11:43:12.786  INFO 49232 --- [main] u.tad.bashplugin.BashPluginApplication   : Started BashPluginApplication in 2.166 seconds (JVM running for 2.4)
2022-04-22 11:43:12.789  INFO 49232 --- [main] u.t.b.r.PluginRegistrationRunner         : Registering Plugin
2022-04-22 11:43:13.456  INFO 49232 --- [main] u.t.b.r.PluginRegistrationRunner         : Received response: { requestQueueName='bashSTATIC', responseExchangeName='AnalysisTaskResponseExchange'}
2022-04-22 11:43:13.462  INFO 49232 --- [main] o.s.a.r.c.CachingConnectionFactory       : Attempting to connect to: [localhost:5672]
2022-04-22 11:43:13.517  INFO 49232 --- [main] o.s.a.r.c.CachingConnectionFactory       : Created new connection: rabbitConnectionFactory#51841ac6:0/SimpleConnection@1b3ab4f9 [delegate=amqp://guest@127.0.0.1:5672/, localPort= 41778]
2022-04-22 11:46:24.949  INFO 49232 --- [SimpleAsyncTaskExecutor-1] u.t.b.analysistask.AnalysisTaskReceiver  : Received AnalysisTaskStartRequest: { taskId='2b429053-a785-48f1-9d7c-2134248728ce', transformationProcessId='823774ba-25e2-460f-966e-fd3314eab6fa', commands='[./azure-start.sh]', locations='[{ id='cc88c074-c735-40fa-a994-8f58a669543f', url='file:/home/ubuntu/fork/kube/azure-start.sh', startLineNumber='0', endLineNumber='0'}]'}
2022-04-22 11:46:24.951  INFO 49232 --- [SimpleAsyncTaskExecutor-1] ust.tad.bashplugin.models.ModelsService  : Requesting technology-specific deployment model
2022-04-22 11:46:25.006  INFO 49232 --- [SimpleAsyncTaskExecutor-1] ust.tad.bashplugin.models.ModelsService  : Requesting technology-agnostic deployment model
2022-04-22 11:46:25.051  INFO 49232 --- [SimpleAsyncTaskExecutor-1] ust.tad.bashplugin.models.ModelsService  : Updating technology-specific deployment model
2022-04-22 11:46:25.095  INFO 49232 --- [SimpleAsyncTaskExecutor-1] ust.tad.bashplugin.models.ModelsService  : Updating technology-agnostic deployment model
2022-04-22 11:46:25.136  INFO 49232 --- [SimpleAsyncTaskExecutor-1] u.t.b.a.AnalysisTaskResponseSender       : Sending EmbeddedDeploymentModelAnalysisRequest: { parentTaskId='2b429053-a785-48f1-9d7c-2134248728ce', transformationProcessId='823774ba-25e2-460f-966e-fd3314eab6fa', technology='terraform', commands='[terraform -chdir=terraform/ init, terraform -chdir=terraform/ apply -auto-approve]', locations='[{ id='null', url='file:/home/ubuntu/fork/kube/terraform/', startLineNumber='0', endLineNumber='0'}]'}
2022-04-22 11:46:25.142  INFO 49232 --- [SimpleAsyncTaskExecutor-1] u.t.b.a.AnalysisTaskResponseSender       : Sending EmbeddedDeploymentModelAnalysisRequest: { parentTaskId='2b429053-a785-48f1-9d7c-2134248728ce', transformationProcessId='823774ba-25e2-460f-966e-fd3314eab6fa', technology='helm', commands='[helm repo add bitnami https://charts.bitnami.com/bitnami, helm install mongo-cart --set auth.enabled=false bitnami/mongodb]', locations='[{ id='null', url='file:/home/ubuntu/fork/kube/', startLineNumber='0', endLineNumber='0'}]'}
2022-04-22 11:46:25.145  INFO 49232 --- [SimpleAsyncTaskExecutor-1] u.t.b.a.AnalysisTaskResponseSender       : Sending EmbeddedDeploymentModelAnalysisRequest: { parentTaskId='2b429053-a785-48f1-9d7c-2134248728ce', transformationProcessId='823774ba-25e2-460f-966e-fd3314eab6fa', technology='helm', commands='[helm repo add bitnami https://charts.bitnami.com/bitnami, helm install mongo-order --set auth.enabled=false bitnami/mongodb]', locations='[{ id='null', url='file:/home/ubuntu/fork/kube/', startLineNumber='0', endLineNumber='0'}]'}
2022-04-22 11:46:25.147  INFO 49232 --- [SimpleAsyncTaskExecutor-1] u.t.b.a.AnalysisTaskResponseSender       : Sending EmbeddedDeploymentModelAnalysisRequest: { parentTaskId='2b429053-a785-48f1-9d7c-2134248728ce', transformationProcessId='823774ba-25e2-460f-966e-fd3314eab6fa', technology='helm', commands='[helm repo add bitnami https://charts.bitnami.com/bitnami, helm install kafka bitnami/kafka]', locations='[{ id='null', url='file:/home/ubuntu/fork/kube/', startLineNumber='0', endLineNumber='0'}]'}
2022-04-22 11:46:25.150  INFO 49232 --- [SimpleAsyncTaskExecutor-1] u.t.b.a.AnalysisTaskResponseSender       : Sending EmbeddedDeploymentModelAnalysisRequest: { parentTaskId='2b429053-a785-48f1-9d7c-2134248728ce', transformationProcessId='823774ba-25e2-460f-966e-fd3314eab6fa', technology='kubernetes', commands='[kubectl create -f k8/.]', locations='[{ id='null', url='file:/home/ubuntu/fork/kube/k8/.', startLineNumber='0', endLineNumber='0'}]'}
2022-04-22 11:46:25.152  INFO 49232 --- [SimpleAsyncTaskExecutor-1] u.t.b.a.AnalysisTaskResponseSender       : Transformation completed successfully, sending success response